# JRE version: Java(TM) SE Runtime Environment (7.0_51-b13) (build 1.7.0_51-b13)
# Java VM: Java HotSpot(TM) 64-Bit Server VM (24.51-b03 mixed mode linux-amd64 compressed oops)
Heap
 PSYoungGen      total 68096K, used 2560K [0x00000000eb600000, 0x00000000efb00000, 0x0000000100000000)
  eden space 65536K, 0% used [0x00000000eb600000,0x00000000eb600000,0x00000000ef600000)
  from space 2560K, 100% used [0x00000000ef600000,0x00000000ef880000,0x00000000ef880000)
  to   space 2560K, 0% used [0x00000000ef880000,0x00000000ef880000,0x00000000efb00000)
 ParOldGen       total 41984K, used 19842K [0x00000000c2200000, 0x00000000c4b00000, 0x00000000eb600000)
  object space 41984K, 47% used [0x00000000c2200000,0x00000000c3560b08,0x00000000c4b00000)
 PSPermGen       total 21504K, used 13097K [0x00000000bd000000, 0x00000000be500000, 0x00000000c2200000)
  object space 21504K, 60% used [0x00000000bd000000,0x00000000bdcca4b8,0x00000000be500000)
GC Heap History (9 events):
Event: 1.056 GC heap before
{Heap before GC invocations=1 (full 0):
 PSYoungGen      total 18944K, used 16384K [0x00000000eb600000, 0x00000000ecb00000, 0x0000000100000000)
  eden space 16384K, 100% used [0x00000000eb600000,0x00000000ec600000,0x00000000ec600000)
  from space 2560K, 0% used [0x00000000ec880000,0x00000000ec880000,0x00000000ecb00000)
  to   space 2560K, 0% used [0x00000000ec600000,0x00000000ec600000,0x00000000ec880000)
 ParOldGen       total 41984K, used 0K [0x00000000c2200000, 0x00000000c4b00000, 0x00000000eb600000)
  object space 41984K, 0% used [0x00000000c2200000,0x00000000c2200000,0x00000000c4b00000)
 PSPermGen       total 21504K, used 6496K [0x00000000bd000000, 0x00000000be500000, 0x00000000c2200000)
  object space 21504K, 30% used [0x00000000bd000000,0x00000000bd658348,0x00000000be500000)
Event: 1.073 GC heap after
Heap after GC invocations=1 (full 0):
 PSYoungGen      total 18944K, used 2531K [0x00000000eb600000, 0x00000000edb00000, 0x0000000100000000)
  eden space 16384K, 0% used [0x00000000eb600000,0x00000000eb600000,0x00000000ec600000)
  from space 2560K, 98% used [0x00000000ec600000,0x00000000ec878ef0,0x00000000ec880000)
  to   space 2560K, 0% used [0x00000000ed880000,0x00000000ed880000,0x00000000edb00000)
 ParOldGen       total 41984K, used 497K [0x00000000c2200000, 0x00000000c4b00000, 0x00000000eb600000)
  object space 41984K, 1% used [0x00000000c2200000,0x00000000c227c7b0,0x00000000c4b00000)
 PSPermGen       total 21504K, used 6496K [0x00000000bd000000, 0x00000000be500000, 0x00000000c2200000)
  object space 21504K, 30% used [0x00000000bd000000,0x00000000bd658348,0x00000000be500000)
}
Event: 1.404 GC heap before
{Heap before GC invocations=2 (full 0):
 PSYoungGen      total 18944K, used 18915K [0x00000000eb600000, 0x00000000edb00000, 0x0000000100000000)
  eden space 16384K, 100% used [0x00000000eb600000,0x00000000ec600000,0x00000000ec600000)
  from space 2560K, 98% used [0x00000000ec600000,0x00000000ec878ef0,0x00000000ec880000)
  to   space 2560K, 0% used [0x00000000ed880000,0x00000000ed880000,0x00000000edb00000)
 ParOldGen       total 41984K, used 497K [0x00000000c2200000, 0x00000000c4b00000, 0x00000000eb600000)
  object space 41984K, 1% used [0x00000000c2200000,0x00000000c227c7b0,0x00000000c4b00000)
 PSPermGen       total 21504K, used 7387K [0x00000000bd000000, 0x00000000be500000, 0x00000000c2200000)
  object space 21504K, 34% used [0x00000000bd000000,0x00000000bd736f70,0x00000000be500000)
Event: 1.411 GC heap after
Heap after GC invocations=2 (full 0):
 PSYoungGen      total 35328K, used 2368K [0x00000000eb600000, 0x00000000edb00000, 0x0000000100000000)
  eden space 32768K, 0% used [0x00000000eb600000,0x00000000eb600000,0x00000000ed600000)
  from space 2560K, 92% used [0x00000000ed880000,0x00000000edad0278,0x00000000edb00000)
  to   space 2560K, 0% used [0x00000000ed600000,0x00000000ed600000,0x00000000ed880000)
 ParOldGen       total 41984K, used 497K [0x00000000c2200000, 0x00000000c4b00000, 0x00000000eb600000)
  object space 41984K, 1% used [0x00000000c2200000,0x00000000c227c7b0,0x00000000c4b00000)
 PSPermGen       total 21504K, used 7387K [0x00000000bd000000, 0x00000000be500000, 0x00000000c2200000)
  object space 21504K, 34% used [0x00000000bd000000,0x00000000bd736f70,0x00000000be500000)
}
Event: 2.277 GC heap before
{Heap before GC invocations=3 (full 0):
 PSYoungGen      total 35328K, used 35136K [0x00000000eb600000, 0x00000000edb00000, 0x0000000100000000)
  eden space 32768K, 100% used [0x00000000eb600000,0x00000000ed600000,0x00000000ed600000)
  from space 2560K, 92% used [0x00000000ed880000,0x00000000edad0278,0x00000000edb00000)
  to   space 2560K, 0% used [0x00000000ed600000,0x00000000ed600000,0x00000000ed880000)
 ParOldGen       total 41984K, used 497K [0x00000000c2200000, 0x00000000c4b00000, 0x00000000eb600000)
  object space 41984K, 1% used [0x00000000c2200000,0x00000000c227c7b0,0x00000000c4b00000)
 PSPermGen       total 21504K, used 10644K [0x00000000bd000000, 0x00000000be500000, 0x00000000c2200000)
  object space 21504K, 49% used [0x00000000bd000000,0x00000000bda65298,0x00000000be500000)
Event: 2.300 GC heap after
Heap after GC invocations=3 (full 0):
 PSYoungGen      total 35328K, used 2548K [0x00000000eb600000, 0x00000000efb00000, 0x0000000100000000)
  eden space 32768K, 0% used [0x00000000eb600000,0x00000000eb600000,0x00000000ed600000)
  from space 2560K, 99% used [0x00000000ed600000,0x00000000ed87d0a8,0x00000000ed880000)
  to   space 2560K, 0% used [0x00000000ef880000,0x00000000ef880000,0x00000000efb00000)
 ParOldGen       total 41984K, used 2748K [0x00000000c2200000, 0x00000000c4b00000, 0x00000000eb600000)
  object space 41984K, 6% used [0x00000000c2200000,0x00000000c24af080,0x00000000c4b00000)
 PSPermGen       total 21504K, used 10644K [0x00000000bd000000, 0x00000000be500000, 0x00000000c2200000)
  object space 21504K, 49% used [0x00000000bd000000,0x00000000bda65298,0x00000000be500000)
}
Event: 3.960 GC heap before
{Heap before GC invocations=4 (full 0):
 PSYoungGen      total 35328K, used 35316K [0x00000000eb600000, 0x00000000efb00000, 0x0000000100000000)
  eden space 32768K, 100% used [0x00000000eb600000,0x00000000ed600000,0x00000000ed600000)
  from space 2560K, 99% used [0x00000000ed600000,0x00000000ed87d0a8,0x00000000ed880000)
  to   space 2560K, 0% used [0x00000000ef880000,0x00000000ef880000,0x00000000efb00000)
 ParOldGen       total 41984K, used 2748K [0x00000000c2200000, 0x00000000c4b00000, 0x00000000eb600000)
  object space 41984K, 6% used [0x00000000c2200000,0x00000000c24af080,0x00000000c4b00000)
 PSPermGen       total 21504K, used 12732K [0x00000000bd000000, 0x00000000be500000, 0x00000000c2200000)
  object space 21504K, 59% used [0x00000000bd000000,0x00000000bdc6f070,0x00000000be500000)
Event: 4.035 GC heap after
Heap after GC invocations=4 (full 0):
 PSYoungGen      total 68096K, used 2528K [0x00000000eb600000, 0x00000000efb00000, 0x0000000100000000)
  eden space 65536K, 0% used [0x00000000eb600000,0x00000000eb600000,0x00000000ef600000)
  from space 2560K, 98% used [0x00000000ef880000,0x00000000efaf8020,0x00000000efb00000)
  to   space 2560K, 0% used [0x00000000ef600000,0x00000000ef600000,0x00000000ef880000)
 ParOldGen       total 41984K, used 9863K [0x00000000c2200000, 0x00000000c4b00000, 0x00000000eb600000)
  object space 41984K, 23% used [0x00000000c2200000,0x00000000c2ba1c80,0x00000000c4b00000)
 PSPermGen       total 21504K, used 12732K [0x00000000bd000000, 0x00000000be500000, 0x00000000c2200000)
  object space 21504K, 59% used [0x00000000bd000000,0x00000000bdc6f070,0x00000000be500000)
}
Event: 5.430 GC heap before
{Heap before GC invocations=5 (full 0):
 PSYoungGen      total 68096K, used 68064K [0x00000000eb600000, 0x00000000efb00000, 0x0000000100000000)
  eden space 65536K, 100% used [0x00000000eb600000,0x00000000ef600000,0x00000000ef600000)
  from space 2560K, 98% used [0x00000000ef880000,0x00000000efaf8020,0x00000000efb00000)
  to   space 2560K, 0% used [0x00000000ef600000,0x00000000ef600000,0x00000000ef880000)
 ParOldGen       total 41984K, used 9863K [0x00000000c2200000, 0x00000000c4b00000, 0x00000000eb600000)
  object space 41984K, 23% used [0x00000000c2200000,0x00000000c2ba1c80,0x00000000c4b00000)
 PSPermGen       total 21504K, used 13097K [0x00000000bd000000, 0x00000000be500000, 0x00000000c2200000)
  object space 21504K, 60% used [0x00000000bd000000,0x00000000bdcca4b8,0x00000000be500000)

